[debug] [2022-01-28T05:08:14.733Z] ----------------------------------------------------------------------
[debug] [2022-01-28T05:08:14.743Z] Command:       C:\Program Files\nodejs\node.exe C:\Users\ersan\AppData\Roaming\npm\node_modules\firebase-tools\lib\bin\firebase.js emulators:start
[debug] [2022-01-28T05:08:14.744Z] CLI Version:   10.1.2
[debug] [2022-01-28T05:08:14.744Z] Platform:      win32
[debug] [2022-01-28T05:08:14.744Z] Node Version:  v16.13.2
[debug] [2022-01-28T05:08:14.854Z] Time:          Fri Jan 28 2022 10:38:14 GMT+0530 (India Standard Time)
[debug] [2022-01-28T05:08:14.854Z] ----------------------------------------------------------------------
[debug] 
[debug] [2022-01-28T05:08:14.960Z] > command requires scopes: ["email","openid","https://www.googleapis.com/auth/cloudplatformprojects.readonly","https://www.googleapis.com/auth/firebase","https://www.googleapis.com/auth/cloud-platform"]
[debug] [2022-01-28T05:08:14.961Z] > authorizing via signed-in user (er.sanjeev.au@gmail.com)
[info] i  emulators: Starting emulators: functions {"metadata":{"emulator":{"name":"hub"},"message":"Starting emulators: functions"}}
[warn] !  emulators: It seems that you are running multiple instances of the emulator suite for project clone-5cf45. This may result in unexpected behavior. 
[debug] [2022-01-28T05:08:15.001Z] [hub] writing locator at C:\Users\ersan\AppData\Local\Temp\hub-clone-5cf45.json
[warn] !  functions: The following emulators are not running, calls to these services from the Functions emulator will affect production: auth, firestore, database, hosting, pubsub, storage {"metadata":{"emulator":{"name":"functions"},"message":"The following emulators are not running, calls to these services from the Functions emulator will affect production: \u001b[1mauth, firestore, database, hosting, pubsub, storage\u001b[22m"}}
[info] +  functions: Using node@16 from host. {"metadata":{"emulator":{"name":"functions"},"message":"Using node@16 from host."}}
[warn] !  Your requested "node" version "16" doesn't match your global version "16" {"metadata":{"emulator":{"name":"functions"},"message":"Your requested \"node\" version \"16\" doesn't match your global version \"16\""}}
[debug] [2022-01-28T05:08:15.184Z] defaultcredentials: writing to file C:\Users\ersan\AppData\Roaming\firebase\er_sanjeev.au_gmail.com_application_default_credentials.json
[debug] [2022-01-28T05:08:15.186Z] Setting GAC to C:\Users\ersan\AppData\Roaming\firebase\er_sanjeev.au_gmail.com_application_default_credentials.json {"metadata":{"emulator":{"name":"functions"},"message":"Setting GAC to C:\\Users\\ersan\\AppData\\Roaming\\firebase\\er_sanjeev.au_gmail.com_application_default_credentials.json"}}
[debug] [2022-01-28T05:08:15.196Z] > refreshing access token with scopes: []
[debug] [2022-01-28T05:08:15.197Z] >>> HTTP REQUEST POST https://www.googleapis.com/oauth2/v3/token  
 <request body omitted>
[debug] [2022-01-28T05:08:15.928Z] <<< HTTP RESPONSE 200 {"date":"Fri, 28 Jan 2022 05:08:14 GMT","pragma":"no-cache","expires":"Mon, 01 Jan 1990 00:00:00 GMT","cache-control":"no-cache, no-store, max-age=0, must-revalidate","content-type":"application/json; charset=utf-8","vary":"X-Origin, Referer, Origin,Accept-Encoding","server":"scaffolding on HTTPServer2","x-xss-protection":"0","x-frame-options":"SAMEORIGIN","x-content-type-options":"nosniff","alt-svc":"h3=\":443\"; ma=2592000,h3-29=\":443\"; ma=2592000,h3-Q050=\":443\"; ma=2592000,h3-Q046=\":443\"; ma=2592000,h3-Q043=\":443\"; ma=2592000,quic=\":443\"; ma=2592000; v=\"46,43\"","accept-ranges":"none","transfer-encoding":"chunked"}
[debug] [2022-01-28T05:08:15.970Z] >>> [apiv2][query] GET https://firebase.googleapis.com/v1beta1/projects/clone-5cf45/adminSdkConfig [none]
[debug] [2022-01-28T05:08:17.071Z] <<< [apiv2][status] GET https://firebase.googleapis.com/v1beta1/projects/clone-5cf45/adminSdkConfig 200
[debug] [2022-01-28T05:08:17.071Z] <<< [apiv2][body] GET https://firebase.googleapis.com/v1beta1/projects/clone-5cf45/adminSdkConfig {"projectId":"clone-5cf45","storageBucket":"clone-5cf45.appspot.com","locationId":"us-central"}
[debug] [2022-01-28T05:08:17.095Z] Ignoring unsupported arg: auto_download {"metadata":{"emulator":{"name":"ui"},"message":"Ignoring unsupported arg: auto_download"}}
[debug] [2022-01-28T05:08:17.096Z] Ignoring unsupported arg: port {"metadata":{"emulator":{"name":"ui"},"message":"Ignoring unsupported arg: port"}}
[debug] [2022-01-28T05:08:17.096Z] Starting Emulator UI with command {"binary":"node","args":["C:\\Users\\ersan\\.cache\\firebase\\emulators\\ui-v1.6.4\\server.bundle.js"],"optionalArgs":[],"joinArgs":false} {"metadata":{"emulator":{"name":"ui"},"message":"Starting Emulator UI with command {\"binary\":\"node\",\"args\":[\"C:\\\\Users\\\\ersan\\\\.cache\\\\firebase\\\\emulators\\\\ui-v1.6.4\\\\server.bundle.js\"],\"optionalArgs\":[],\"joinArgs\":false}"}}
[info] i  ui: Emulator UI logging to ui-debug.log {"metadata":{"emulator":{"name":"ui"},"message":"Emulator UI logging to \u001b[1mui-debug.log\u001b[22m"}}
[debug] [2022-01-28T05:08:17.303Z] Web / API server started at localhost:4000
 {"metadata":{"emulator":{"name":"ui"},"message":"Web / API server started at localhost:4000\n"}}
[info] i  functions: Watching "U:\React\amazon-clone\functions" for Cloud Functions... {"metadata":{"emulator":{"name":"functions"},"message":"Watching \"U:\\React\\amazon-clone\\functions\" for Cloud Functions..."}}
[debug] [2022-01-28T05:08:17.400Z] [worker-pool] addWorker(~diagnostic~) {"metadata":{"emulator":{"name":"functions"},"message":"[worker-pool] addWorker(~diagnostic~)"}}
[debug] [2022-01-28T05:08:17.400Z] [worker-pool] Adding worker with key ~diagnostic~, total=1 {"metadata":{"emulator":{"name":"functions"},"message":"[worker-pool] Adding worker with key ~diagnostic~, total=1"}}
[debug] [2022-01-28T05:08:17.400Z] [worker-pool] submitWork(triggerId=) {"metadata":{"emulator":{"name":"functions"},"message":"[worker-pool] submitWork(triggerId=)"}}
[debug] [2022-01-28T05:08:17.401Z] [worker-~diagnostic~-cb2a6288-44c4-44af-9484-010540c4d5cf]: Assigning socketPath: \\?\pipe\U:\React\amazon-clone\functions\8996 {"metadata":{"emulator":{"name":"functions"},"message":"[worker-~diagnostic~-cb2a6288-44c4-44af-9484-010540c4d5cf]: Assigning socketPath: \\\\?\\pipe\\U:\\React\\amazon-clone\\functions\\8996"}}
[debug] [2022-01-28T05:08:17.402Z] [worker-~diagnostic~-cb2a6288-44c4-44af-9484-010540c4d5cf]: BUSY {"metadata":{"emulator":{"name":"functions"},"message":"[worker-~diagnostic~-cb2a6288-44c4-44af-9484-010540c4d5cf]: BUSY"}}
[debug] [2022-01-28T05:08:17.679Z] [runtime-status] [8996] Functions runtime initialized. {"cwd":"U:\\React\\amazon-clone\\functions","node_version":"16.13.2"} {"metadata":{"emulator":{"name":"functions"},"message":"[runtime-status] [8996] Functions runtime initialized. {\"cwd\":\"U:\\\\React\\\\amazon-clone\\\\functions\",\"node_version\":\"16.13.2\"}"}}
[debug] [2022-01-28T05:08:17.679Z] [runtime-status] [8996] Disabled runtime features: undefined {"metadata":{"emulator":{"name":"functions"},"message":"[runtime-status] [8996] Disabled runtime features: undefined"}}
[debug] [2022-01-28T05:08:17.760Z] [runtime-status] [8996] Resolved module firebase-admin {"declared":true,"installed":true,"version":"10.0.2","resolution":"U:\\React\\amazon-clone\\functions\\node_modules\\firebase-admin\\lib\\index.js"} {"metadata":{"emulator":{"name":"functions"},"message":"[runtime-status] [8996] Resolved module firebase-admin {\"declared\":true,\"installed\":true,\"version\":\"10.0.2\",\"resolution\":\"U:\\\\React\\\\amazon-clone\\\\functions\\\\node_modules\\\\firebase-admin\\\\lib\\\\index.js\"}"}}
[debug] [2022-01-28T05:08:17.846Z] [runtime-status] [8996] Resolved module firebase-functions {"declared":true,"installed":true,"version":"3.16.0","resolution":"U:\\React\\amazon-clone\\functions\\node_modules\\firebase-functions\\lib\\index.js"} {"metadata":{"emulator":{"name":"functions"},"message":"[runtime-status] [8996] Resolved module firebase-functions {\"declared\":true,\"installed\":true,\"version\":\"3.16.0\",\"resolution\":\"U:\\\\React\\\\amazon-clone\\\\functions\\\\node_modules\\\\firebase-functions\\\\lib\\\\index.js\"}"}}
[debug] [2022-01-28T05:08:17.852Z] [runtime-status] [8996] Outgoing network have been stubbed. [{"name":"http","status":"mocked"},{"name":"http","status":"mocked"},{"name":"https","status":"mocked"},{"name":"https","status":"mocked"},{"name":"net","status":"mocked"}] {"metadata":{"emulator":{"name":"functions"},"message":"[runtime-status] [8996] Outgoing network have been stubbed. [{\"name\":\"http\",\"status\":\"mocked\"},{\"name\":\"http\",\"status\":\"mocked\"},{\"name\":\"https\",\"status\":\"mocked\"},{\"name\":\"https\",\"status\":\"mocked\"},{\"name\":\"net\",\"status\":\"mocked\"}]"}}
[debug] [2022-01-28T05:08:17.854Z] [runtime-status] [8996] Resolved module firebase-functions {"declared":true,"installed":true,"version":"3.16.0","resolution":"U:\\React\\amazon-clone\\functions\\node_modules\\firebase-functions\\lib\\index.js"} {"metadata":{"emulator":{"name":"functions"},"message":"[runtime-status] [8996] Resolved module firebase-functions {\"declared\":true,\"installed\":true,\"version\":\"3.16.0\",\"resolution\":\"U:\\\\React\\\\amazon-clone\\\\functions\\\\node_modules\\\\firebase-functions\\\\lib\\\\index.js\"}"}}
[debug] [2022-01-28T05:08:18.498Z] [runtime-status] [8996] Checked functions.config() {"config":{}} {"metadata":{"emulator":{"name":"functions"},"message":"[runtime-status] [8996] Checked functions.config() {\"config\":{}}"}}
[debug] [2022-01-28T05:08:18.499Z] [runtime-status] [8996] firebase-functions has been stubbed. {"functionsResolution":{"declared":true,"installed":true,"version":"3.16.0","resolution":"U:\\React\\amazon-clone\\functions\\node_modules\\firebase-functions\\lib\\index.js"}} {"metadata":{"emulator":{"name":"functions"},"message":"[runtime-status] [8996] firebase-functions has been stubbed. {\"functionsResolution\":{\"declared\":true,\"installed\":true,\"version\":\"3.16.0\",\"resolution\":\"U:\\\\React\\\\amazon-clone\\\\functions\\\\node_modules\\\\firebase-functions\\\\lib\\\\index.js\"}}"}}
[debug] [2022-01-28T05:08:18.500Z] [runtime-status] [8996] Resolved module firebase-functions {"declared":true,"installed":true,"version":"3.16.0","resolution":"U:\\React\\amazon-clone\\functions\\node_modules\\firebase-functions\\lib\\index.js"} {"metadata":{"emulator":{"name":"functions"},"message":"[runtime-status] [8996] Resolved module firebase-functions {\"declared\":true,\"installed\":true,\"version\":\"3.16.0\",\"resolution\":\"U:\\\\React\\\\amazon-clone\\\\functions\\\\node_modules\\\\firebase-functions\\\\lib\\\\index.js\"}"}}
[debug] [2022-01-28T05:08:18.503Z] [runtime-status] [8996] Resolved module firebase-admin {"declared":true,"installed":true,"version":"10.0.2","resolution":"U:\\React\\amazon-clone\\functions\\node_modules\\firebase-admin\\lib\\index.js"} {"metadata":{"emulator":{"name":"functions"},"message":"[runtime-status] [8996] Resolved module firebase-admin {\"declared\":true,\"installed\":true,\"version\":\"10.0.2\",\"resolution\":\"U:\\\\React\\\\amazon-clone\\\\functions\\\\node_modules\\\\firebase-admin\\\\lib\\\\index.js\"}"}}
[debug] [2022-01-28T05:08:18.504Z] [runtime-status] [8996] Resolved module firebase-functions {"declared":true,"installed":true,"version":"3.16.0","resolution":"U:\\React\\amazon-clone\\functions\\node_modules\\firebase-functions\\lib\\index.js"} {"metadata":{"emulator":{"name":"functions"},"message":"[runtime-status] [8996] Resolved module firebase-functions {\"declared\":true,\"installed\":true,\"version\":\"3.16.0\",\"resolution\":\"U:\\\\React\\\\amazon-clone\\\\functions\\\\node_modules\\\\firebase-functions\\\\lib\\\\index.js\"}"}}
[debug] [2022-01-28T05:08:18.505Z] [runtime-status] [8996] firebase-admin has been stubbed. {"adminResolution":{"declared":true,"installed":true,"version":"10.0.2","resolution":"U:\\React\\amazon-clone\\functions\\node_modules\\firebase-admin\\lib\\index.js"}} {"metadata":{"emulator":{"name":"functions"},"message":"[runtime-status] [8996] firebase-admin has been stubbed. {\"adminResolution\":{\"declared\":true,\"installed\":true,\"version\":\"10.0.2\",\"resolution\":\"U:\\\\React\\\\amazon-clone\\\\functions\\\\node_modules\\\\firebase-admin\\\\lib\\\\index.js\"}}"}}
[info] +  functions[us-central1-api]: http function initialized (http://localhost:5001/clone-5cf45/us-central1/api). {"metadata":{"emulator":{"name":"functions"},"message":"\u001b[1mhttp\u001b[22m function initialized (http://localhost:5001/clone-5cf45/us-central1/api)."}}
[info] 
┌─────────────────────────────────────────────────────────────┐
│ ✔  All emulators ready! It is now safe to connect your app. │
│ i  View Emulator UI at http://localhost:4000                │
└─────────────────────────────────────────────────────────────┘

┌───────────┬────────────────┬─────────────────────────────────┐
│ Emulator  │ Host:Port      │ View in Emulator UI             │
├───────────┼────────────────┼─────────────────────────────────┤
│ Functions │ localhost:5001 │ http://localhost:4000/functions │
└───────────┴────────────────┴─────────────────────────────────┘
  Emulator Hub running at localhost:4400
  Other reserved ports: 4500

Issues? Report them at https://github.com/firebase/firebase-tools/issues and attach the *-debug.log files.
 
[debug] [2022-01-28T05:08:20.337Z] [worker-~diagnostic~-cb2a6288-44c4-44af-9484-010540c4d5cf]: IDLE {"metadata":{"emulator":{"name":"functions"},"message":"[worker-~diagnostic~-cb2a6288-44c4-44af-9484-010540c4d5cf]: IDLE"}}
[debug] [2022-01-28T05:10:23.788Z] [work-queue] {"queueLength":1,"workRunningCount":0}
[debug] [2022-01-28T05:10:23.788Z] [work-queue] {"queueLength":0,"workRunningCount":1}
[debug] [2022-01-28T05:10:23.789Z] Accepted request POST /clone-5cf45/us-central1/api/payments/create?total=3588 --> us-central1-api
[debug] [2022-01-28T05:10:23.799Z] [worker-pool] addWorker(us-central1-api) {"metadata":{"emulator":{"name":"functions"},"message":"[worker-pool] addWorker(us-central1-api)"}}
[debug] [2022-01-28T05:10:23.799Z] [worker-pool] Adding worker with key us-central1-api, total=1 {"metadata":{"emulator":{"name":"functions"},"message":"[worker-pool] Adding worker with key us-central1-api, total=1"}}
[debug] [2022-01-28T05:10:23.800Z] [worker-pool] submitWork(triggerId=us-central1-api) {"metadata":{"emulator":{"name":"functions"},"message":"[worker-pool] submitWork(triggerId=us-central1-api)"}}
[debug] [2022-01-28T05:10:23.800Z] [worker-us-central1-api-f05c2b5f-fbc5-4929-8a5f-c57864a7c8e1]: Assigning socketPath: \\?\pipe\U:\React\amazon-clone\functions\21536 {"metadata":{"emulator":{"name":"functions"},"message":"[worker-us-central1-api-f05c2b5f-fbc5-4929-8a5f-c57864a7c8e1]: Assigning socketPath: \\\\?\\pipe\\U:\\React\\amazon-clone\\functions\\21536"}}
[debug] [2022-01-28T05:10:23.800Z] [worker-us-central1-api-f05c2b5f-fbc5-4929-8a5f-c57864a7c8e1]: BUSY {"metadata":{"emulator":{"name":"functions"},"message":"[worker-us-central1-api-f05c2b5f-fbc5-4929-8a5f-c57864a7c8e1]: BUSY"}}
[debug] [2022-01-28T05:10:24.035Z] [runtime-status] [21536] Functions runtime initialized. {"cwd":"U:\\React\\amazon-clone\\functions","node_version":"16.13.2"} {"metadata":{"emulator":{"name":"functions"},"function":{"name":"us-central1-api"},"message":"[runtime-status] [21536] Functions runtime initialized. {\"cwd\":\"U:\\\\React\\\\amazon-clone\\\\functions\",\"node_version\":\"16.13.2\"}"}}
[debug] [2022-01-28T05:10:24.036Z] [runtime-status] [21536] Disabled runtime features: undefined {"metadata":{"emulator":{"name":"functions"},"function":{"name":"us-central1-api"},"message":"[runtime-status] [21536] Disabled runtime features: undefined"}}
[debug] [2022-01-28T05:10:24.041Z] [runtime-status] [21536] Resolved module firebase-admin {"declared":true,"installed":true,"version":"10.0.2","resolution":"U:\\React\\amazon-clone\\functions\\node_modules\\firebase-admin\\lib\\index.js"} {"metadata":{"emulator":{"name":"functions"},"function":{"name":"us-central1-api"},"message":"[runtime-status] [21536] Resolved module firebase-admin {\"declared\":true,\"installed\":true,\"version\":\"10.0.2\",\"resolution\":\"U:\\\\React\\\\amazon-clone\\\\functions\\\\node_modules\\\\firebase-admin\\\\lib\\\\index.js\"}"}}
[debug] [2022-01-28T05:10:24.043Z] [runtime-status] [21536] Resolved module firebase-functions {"declared":true,"installed":true,"version":"3.16.0","resolution":"U:\\React\\amazon-clone\\functions\\node_modules\\firebase-functions\\lib\\index.js"} {"metadata":{"emulator":{"name":"functions"},"function":{"name":"us-central1-api"},"message":"[runtime-status] [21536] Resolved module firebase-functions {\"declared\":true,\"installed\":true,\"version\":\"3.16.0\",\"resolution\":\"U:\\\\React\\\\amazon-clone\\\\functions\\\\node_modules\\\\firebase-functions\\\\lib\\\\index.js\"}"}}
[debug] [2022-01-28T05:10:24.045Z] [runtime-status] [21536] Outgoing network have been stubbed. [{"name":"http","status":"mocked"},{"name":"http","status":"mocked"},{"name":"https","status":"mocked"},{"name":"https","status":"mocked"},{"name":"net","status":"mocked"}] {"metadata":{"emulator":{"name":"functions"},"function":{"name":"us-central1-api"},"message":"[runtime-status] [21536] Outgoing network have been stubbed. [{\"name\":\"http\",\"status\":\"mocked\"},{\"name\":\"http\",\"status\":\"mocked\"},{\"name\":\"https\",\"status\":\"mocked\"},{\"name\":\"https\",\"status\":\"mocked\"},{\"name\":\"net\",\"status\":\"mocked\"}]"}}
[debug] [2022-01-28T05:10:24.048Z] [runtime-status] [21536] Resolved module firebase-functions {"declared":true,"installed":true,"version":"3.16.0","resolution":"U:\\React\\amazon-clone\\functions\\node_modules\\firebase-functions\\lib\\index.js"} {"metadata":{"emulator":{"name":"functions"},"function":{"name":"us-central1-api"},"message":"[runtime-status] [21536] Resolved module firebase-functions {\"declared\":true,\"installed\":true,\"version\":\"3.16.0\",\"resolution\":\"U:\\\\React\\\\amazon-clone\\\\functions\\\\node_modules\\\\firebase-functions\\\\lib\\\\index.js\"}"}}
[debug] [2022-01-28T05:10:24.108Z] [runtime-status] [21536] Checked functions.config() {"config":{}} {"metadata":{"emulator":{"name":"functions"},"function":{"name":"us-central1-api"},"message":"[runtime-status] [21536] Checked functions.config() {\"config\":{}}"}}
[debug] [2022-01-28T05:10:24.109Z] [runtime-status] [21536] firebase-functions has been stubbed. {"functionsResolution":{"declared":true,"installed":true,"version":"3.16.0","resolution":"U:\\React\\amazon-clone\\functions\\node_modules\\firebase-functions\\lib\\index.js"}} {"metadata":{"emulator":{"name":"functions"},"function":{"name":"us-central1-api"},"message":"[runtime-status] [21536] firebase-functions has been stubbed. {\"functionsResolution\":{\"declared\":true,\"installed\":true,\"version\":\"3.16.0\",\"resolution\":\"U:\\\\React\\\\amazon-clone\\\\functions\\\\node_modules\\\\firebase-functions\\\\lib\\\\index.js\"}}"}}
[debug] [2022-01-28T05:10:24.109Z] [runtime-status] [21536] Resolved module firebase-functions {"declared":true,"installed":true,"version":"3.16.0","resolution":"U:\\React\\amazon-clone\\functions\\node_modules\\firebase-functions\\lib\\index.js"} {"metadata":{"emulator":{"name":"functions"},"function":{"name":"us-central1-api"},"message":"[runtime-status] [21536] Resolved module firebase-functions {\"declared\":true,\"installed\":true,\"version\":\"3.16.0\",\"resolution\":\"U:\\\\React\\\\amazon-clone\\\\functions\\\\node_modules\\\\firebase-functions\\\\lib\\\\index.js\"}"}}
[debug] [2022-01-28T05:10:24.111Z] [runtime-status] [21536] Resolved module firebase-admin {"declared":true,"installed":true,"version":"10.0.2","resolution":"U:\\React\\amazon-clone\\functions\\node_modules\\firebase-admin\\lib\\index.js"} {"metadata":{"emulator":{"name":"functions"},"function":{"name":"us-central1-api"},"message":"[runtime-status] [21536] Resolved module firebase-admin {\"declared\":true,\"installed\":true,\"version\":\"10.0.2\",\"resolution\":\"U:\\\\React\\\\amazon-clone\\\\functions\\\\node_modules\\\\firebase-admin\\\\lib\\\\index.js\"}"}}
[debug] [2022-01-28T05:10:24.112Z] [runtime-status] [21536] Resolved module firebase-functions {"declared":true,"installed":true,"version":"3.16.0","resolution":"U:\\React\\amazon-clone\\functions\\node_modules\\firebase-functions\\lib\\index.js"} {"metadata":{"emulator":{"name":"functions"},"function":{"name":"us-central1-api"},"message":"[runtime-status] [21536] Resolved module firebase-functions {\"declared\":true,\"installed\":true,\"version\":\"3.16.0\",\"resolution\":\"U:\\\\React\\\\amazon-clone\\\\functions\\\\node_modules\\\\firebase-functions\\\\lib\\\\index.js\"}"}}
[debug] [2022-01-28T05:10:24.112Z] [runtime-status] [21536] firebase-admin has been stubbed. {"adminResolution":{"declared":true,"installed":true,"version":"10.0.2","resolution":"U:\\React\\amazon-clone\\functions\\node_modules\\firebase-admin\\lib\\index.js"}} {"metadata":{"emulator":{"name":"functions"},"function":{"name":"us-central1-api"},"message":"[runtime-status] [21536] firebase-admin has been stubbed. {\"adminResolution\":{\"declared\":true,\"installed\":true,\"version\":\"10.0.2\",\"resolution\":\"U:\\\\React\\\\amazon-clone\\\\functions\\\\node_modules\\\\firebase-admin\\\\lib\\\\index.js\"}}"}}
[debug] [2022-01-28T05:10:24.376Z] [runtime-status] [21536] Trigger "us-central1-api" has been found, beginning invocation! {"metadata":{"emulator":{"name":"functions"},"function":{"name":"us-central1-api"},"message":"[runtime-status] [21536] Trigger \"us-central1-api\" has been found, beginning invocation!"}}
[info] i  functions: Beginning execution of "us-central1-api" {"metadata":{"emulator":{"name":"functions"},"function":{"name":"us-central1-api"},"message":"Beginning execution of \"us-central1-api\""}}
[debug] [2022-01-28T05:10:24.378Z] [runtime-status] [21536] triggerDefinition {"httpsTrigger":{},"name":"api","entryPoint":"api","regions":["us-central1"],"region":"us-central1","id":"us-central1-api","platform":"gcfv1"} {"metadata":{"emulator":{"name":"functions"},"function":{"name":"us-central1-api"},"message":"[runtime-status] [21536] triggerDefinition {\"httpsTrigger\":{},\"name\":\"api\",\"entryPoint\":\"api\",\"regions\":[\"us-central1\"],\"region\":\"us-central1\",\"id\":\"us-central1-api\",\"platform\":\"gcfv1\"}"}}
[debug] [2022-01-28T05:10:24.378Z] [runtime-status] [21536] Running us-central1-api in signature http {"metadata":{"emulator":{"name":"functions"},"function":{"name":"us-central1-api"},"message":"[runtime-status] [21536] Running us-central1-api in signature http"}}
[debug] [2022-01-28T05:10:24.382Z] [runtime-status] [21536] Attempting to listen to socketPath: \\?\pipe\U:\React\amazon-clone\functions\21536 {"metadata":{"emulator":{"name":"functions"},"function":{"name":"us-central1-api"},"message":"[runtime-status] [21536] Attempting to listen to socketPath: \\\\?\\pipe\\U:\\React\\amazon-clone\\functions\\21536"}}
[debug] [2022-01-28T05:10:24.385Z] [functions] Runtime ready! Sending request! {"metadata":{"emulator":{"name":"functions"},"message":"[functions] Runtime ready! Sending request!"}}
[debug] [2022-01-28T05:10:24.388Z] [functions] Got req.url=/clone-5cf45/us-central1/api/payments/create?total=3588, mapping to path=/payments/create?total=3588 {"metadata":{"emulator":{"name":"functions"},"message":"[functions] Got req.url=/clone-5cf45/us-central1/api/payments/create?total=3588, mapping to path=/payments/create?total=3588"}}
[debug] [2022-01-28T05:10:24.395Z] [runtime-status] [21536] Ephemeral server handling POST request {"metadata":{"emulator":{"name":"functions"},"function":{"name":"us-central1-api"},"message":"[runtime-status] [21536] Ephemeral server handling POST request"}}
[info] >  Payment Request Recieved for this amount >>>  3588 {"user":"Payment Request Recieved for this amount >>>  3588","metadata":{"emulator":{"name":"functions"},"function":{"name":"us-central1-api"},"message":"\u001b[90m> \u001b[39m Payment Request Recieved for this amount >>>  3588"}}
[debug] [2022-01-28T05:10:24.409Z] [runtime-status] [21536] Ephemeral server survived. {"metadata":{"emulator":{"name":"functions"},"function":{"name":"us-central1-api"},"message":"[runtime-status] [21536] Ephemeral server survived."}}
[info] i  functions: Finished "us-central1-api" in ~1s {"metadata":{"emulator":{"name":"functions"},"function":{"name":"us-central1-api"},"message":"Finished \"us-central1-api\" in ~1s"}}
[debug] [2022-01-28T05:10:25.341Z] [worker-us-central1-api-f05c2b5f-fbc5-4929-8a5f-c57864a7c8e1]: IDLE {"metadata":{"emulator":{"name":"functions"},"message":"[worker-us-central1-api-f05c2b5f-fbc5-4929-8a5f-c57864a7c8e1]: IDLE"}}
[debug] [2022-01-28T05:10:25.341Z] [work-queue] {"queueLength":0,"workRunningCount":0}
[debug] [2022-01-28T05:10:42.642Z] [work-queue] {"queueLength":1,"workRunningCount":0}
[debug] [2022-01-28T05:10:42.643Z] [work-queue] {"queueLength":0,"workRunningCount":1}
[debug] [2022-01-28T05:10:42.643Z] Accepted request POST /clone-5cf45/us-central1/api/payments/create?total=0 --> us-central1-api
[debug] [2022-01-28T05:10:42.643Z] [worker-pool] submitWork(triggerId=us-central1-api) {"metadata":{"emulator":{"name":"functions"},"message":"[worker-pool] submitWork(triggerId=us-central1-api)"}}
[debug] [2022-01-28T05:10:42.643Z] [worker-us-central1-api-f05c2b5f-fbc5-4929-8a5f-c57864a7c8e1]: Assigning socketPath: \\?\pipe\U:\React\amazon-clone\functions\21536 {"metadata":{"emulator":{"name":"functions"},"message":"[worker-us-central1-api-f05c2b5f-fbc5-4929-8a5f-c57864a7c8e1]: Assigning socketPath: \\\\?\\pipe\\U:\\React\\amazon-clone\\functions\\21536"}}
[debug] [2022-01-28T05:10:42.643Z] [worker-us-central1-api-f05c2b5f-fbc5-4929-8a5f-c57864a7c8e1]: BUSY {"metadata":{"emulator":{"name":"functions"},"message":"[worker-us-central1-api-f05c2b5f-fbc5-4929-8a5f-c57864a7c8e1]: BUSY"}}
[debug] [2022-01-28T05:10:42.644Z] [runtime-status] [21536] Trigger "us-central1-api" has been found, beginning invocation! {"metadata":{"emulator":{"name":"functions"},"function":{"name":"us-central1-api"},"message":"[runtime-status] [21536] Trigger \"us-central1-api\" has been found, beginning invocation!"}}
[info] i  functions: Beginning execution of "us-central1-api" {"metadata":{"emulator":{"name":"functions"},"function":{"name":"us-central1-api"},"message":"Beginning execution of \"us-central1-api\""}}
[debug] [2022-01-28T05:10:42.645Z] [runtime-status] [21536] triggerDefinition {"httpsTrigger":{},"name":"api","entryPoint":"api","regions":["us-central1"],"region":"us-central1","id":"us-central1-api","platform":"gcfv1"} {"metadata":{"emulator":{"name":"functions"},"function":{"name":"us-central1-api"},"message":"[runtime-status] [21536] triggerDefinition {\"httpsTrigger\":{},\"name\":\"api\",\"entryPoint\":\"api\",\"regions\":[\"us-central1\"],\"region\":\"us-central1\",\"id\":\"us-central1-api\",\"platform\":\"gcfv1\"}"}}
[debug] [2022-01-28T05:10:42.646Z] [runtime-status] [21536] Running us-central1-api in signature http {"metadata":{"emulator":{"name":"functions"},"function":{"name":"us-central1-api"},"message":"[runtime-status] [21536] Running us-central1-api in signature http"}}
[debug] [2022-01-28T05:10:42.646Z] [runtime-status] [21536] Attempting to listen to socketPath: \\?\pipe\U:\React\amazon-clone\functions\21536 {"metadata":{"emulator":{"name":"functions"},"function":{"name":"us-central1-api"},"message":"[runtime-status] [21536] Attempting to listen to socketPath: \\\\?\\pipe\\U:\\React\\amazon-clone\\functions\\21536"}}
[debug] [2022-01-28T05:10:42.647Z] [functions] Runtime ready! Sending request! {"metadata":{"emulator":{"name":"functions"},"message":"[functions] Runtime ready! Sending request!"}}
[debug] [2022-01-28T05:10:42.647Z] [functions] Got req.url=/clone-5cf45/us-central1/api/payments/create?total=0, mapping to path=/payments/create?total=0 {"metadata":{"emulator":{"name":"functions"},"message":"[functions] Got req.url=/clone-5cf45/us-central1/api/payments/create?total=0, mapping to path=/payments/create?total=0"}}
[debug] [2022-01-28T05:10:42.649Z] [runtime-status] [21536] Ephemeral server handling POST request {"metadata":{"emulator":{"name":"functions"},"function":{"name":"us-central1-api"},"message":"[runtime-status] [21536] Ephemeral server handling POST request"}}
[info] >  Payment Request Recieved for this amount >>>  0 {"user":"Payment Request Recieved for this amount >>>  0","metadata":{"emulator":{"name":"functions"},"function":{"name":"us-central1-api"},"message":"\u001b[90m> \u001b[39m Payment Request Recieved for this amount >>>  0"}}
[debug] [2022-01-28T05:10:42.652Z] [runtime-status] [21536] Ephemeral server survived. {"metadata":{"emulator":{"name":"functions"},"function":{"name":"us-central1-api"},"message":"[runtime-status] [21536] Ephemeral server survived."}}
[info] i  functions: Finished "us-central1-api" in ~1s {"metadata":{"emulator":{"name":"functions"},"function":{"name":"us-central1-api"},"message":"Finished \"us-central1-api\" in ~1s"}}
[debug] [2022-01-28T05:10:42.654Z] [worker-us-central1-api-f05c2b5f-fbc5-4929-8a5f-c57864a7c8e1]: IDLE {"metadata":{"emulator":{"name":"functions"},"message":"[worker-us-central1-api-f05c2b5f-fbc5-4929-8a5f-c57864a7c8e1]: IDLE"}}
[debug] [2022-01-28T05:10:42.654Z] [work-queue] {"queueLength":0,"workRunningCount":0}
[debug] [2022-01-28T05:41:11.777Z] [work-queue] {"queueLength":1,"workRunningCount":0}
[debug] [2022-01-28T05:41:11.784Z] [work-queue] {"queueLength":0,"workRunningCount":1}
[debug] [2022-01-28T05:41:11.785Z] Accepted request POST /clone-5cf45/us-central1/api/payments/create?total=69798 --> us-central1-api
[debug] [2022-01-28T05:41:11.790Z] [worker-pool] submitWork(triggerId=us-central1-api) {"metadata":{"emulator":{"name":"functions"},"message":"[worker-pool] submitWork(triggerId=us-central1-api)"}}
[debug] [2022-01-28T05:41:11.791Z] [worker-us-central1-api-f05c2b5f-fbc5-4929-8a5f-c57864a7c8e1]: Assigning socketPath: \\?\pipe\U:\React\amazon-clone\functions\21536 {"metadata":{"emulator":{"name":"functions"},"message":"[worker-us-central1-api-f05c2b5f-fbc5-4929-8a5f-c57864a7c8e1]: Assigning socketPath: \\\\?\\pipe\\U:\\React\\amazon-clone\\functions\\21536"}}
[debug] [2022-01-28T05:41:11.791Z] [worker-us-central1-api-f05c2b5f-fbc5-4929-8a5f-c57864a7c8e1]: BUSY {"metadata":{"emulator":{"name":"functions"},"message":"[worker-us-central1-api-f05c2b5f-fbc5-4929-8a5f-c57864a7c8e1]: BUSY"}}
[debug] [2022-01-28T05:41:11.813Z] [runtime-status] [21536] Trigger "us-central1-api" has been found, beginning invocation! {"metadata":{"emulator":{"name":"functions"},"function":{"name":"us-central1-api"},"message":"[runtime-status] [21536] Trigger \"us-central1-api\" has been found, beginning invocation!"}}
[info] i  functions: Beginning execution of "us-central1-api" {"metadata":{"emulator":{"name":"functions"},"function":{"name":"us-central1-api"},"message":"Beginning execution of \"us-central1-api\""}}
[debug] [2022-01-28T05:41:11.820Z] [runtime-status] [21536] triggerDefinition {"httpsTrigger":{},"name":"api","entryPoint":"api","regions":["us-central1"],"region":"us-central1","id":"us-central1-api","platform":"gcfv1"} {"metadata":{"emulator":{"name":"functions"},"function":{"name":"us-central1-api"},"message":"[runtime-status] [21536] triggerDefinition {\"httpsTrigger\":{},\"name\":\"api\",\"entryPoint\":\"api\",\"regions\":[\"us-central1\"],\"region\":\"us-central1\",\"id\":\"us-central1-api\",\"platform\":\"gcfv1\"}"}}
[debug] [2022-01-28T05:41:11.821Z] [runtime-status] [21536] Running us-central1-api in signature http {"metadata":{"emulator":{"name":"functions"},"function":{"name":"us-central1-api"},"message":"[runtime-status] [21536] Running us-central1-api in signature http"}}
[debug] [2022-01-28T05:41:11.824Z] [runtime-status] [21536] Attempting to listen to socketPath: \\?\pipe\U:\React\amazon-clone\functions\21536 {"metadata":{"emulator":{"name":"functions"},"function":{"name":"us-central1-api"},"message":"[runtime-status] [21536] Attempting to listen to socketPath: \\\\?\\pipe\\U:\\React\\amazon-clone\\functions\\21536"}}
[debug] [2022-01-28T05:41:11.829Z] [functions] Runtime ready! Sending request! {"metadata":{"emulator":{"name":"functions"},"message":"[functions] Runtime ready! Sending request!"}}
[debug] [2022-01-28T05:41:11.830Z] [functions] Got req.url=/clone-5cf45/us-central1/api/payments/create?total=69798, mapping to path=/payments/create?total=69798 {"metadata":{"emulator":{"name":"functions"},"message":"[functions] Got req.url=/clone-5cf45/us-central1/api/payments/create?total=69798, mapping to path=/payments/create?total=69798"}}
[debug] [2022-01-28T05:41:11.835Z] [runtime-status] [21536] Ephemeral server handling POST request {"metadata":{"emulator":{"name":"functions"},"function":{"name":"us-central1-api"},"message":"[runtime-status] [21536] Ephemeral server handling POST request"}}
[info] >  Payment Request Recieved for this amount >>>  69798 {"user":"Payment Request Recieved for this amount >>>  69798","metadata":{"emulator":{"name":"functions"},"function":{"name":"us-central1-api"},"message":"\u001b[90m> \u001b[39m Payment Request Recieved for this amount >>>  69798"}}
[debug] [2022-01-28T05:41:11.846Z] [runtime-status] [21536] Ephemeral server survived. {"metadata":{"emulator":{"name":"functions"},"function":{"name":"us-central1-api"},"message":"[runtime-status] [21536] Ephemeral server survived."}}
[info] i  functions: Finished "us-central1-api" in ~2s {"metadata":{"emulator":{"name":"functions"},"function":{"name":"us-central1-api"},"message":"Finished \"us-central1-api\" in ~2s"}}
[debug] [2022-01-28T05:41:13.972Z] [worker-us-central1-api-f05c2b5f-fbc5-4929-8a5f-c57864a7c8e1]: IDLE {"metadata":{"emulator":{"name":"functions"},"message":"[worker-us-central1-api-f05c2b5f-fbc5-4929-8a5f-c57864a7c8e1]: IDLE"}}
[debug] [2022-01-28T05:41:13.974Z] [work-queue] {"queueLength":0,"workRunningCount":0}
[debug] [2022-01-28T05:41:29.165Z] [work-queue] {"queueLength":1,"workRunningCount":0}
[debug] [2022-01-28T05:41:29.165Z] [work-queue] {"queueLength":0,"workRunningCount":1}
[debug] [2022-01-28T05:41:29.165Z] Accepted request POST /clone-5cf45/us-central1/api/payments/create?total=0 --> us-central1-api
[debug] [2022-01-28T05:41:29.166Z] [worker-pool] submitWork(triggerId=us-central1-api) {"metadata":{"emulator":{"name":"functions"},"message":"[worker-pool] submitWork(triggerId=us-central1-api)"}}
[debug] [2022-01-28T05:41:29.166Z] [worker-us-central1-api-f05c2b5f-fbc5-4929-8a5f-c57864a7c8e1]: Assigning socketPath: \\?\pipe\U:\React\amazon-clone\functions\21536 {"metadata":{"emulator":{"name":"functions"},"message":"[worker-us-central1-api-f05c2b5f-fbc5-4929-8a5f-c57864a7c8e1]: Assigning socketPath: \\\\?\\pipe\\U:\\React\\amazon-clone\\functions\\21536"}}
[debug] [2022-01-28T05:41:29.166Z] [worker-us-central1-api-f05c2b5f-fbc5-4929-8a5f-c57864a7c8e1]: BUSY {"metadata":{"emulator":{"name":"functions"},"message":"[worker-us-central1-api-f05c2b5f-fbc5-4929-8a5f-c57864a7c8e1]: BUSY"}}
[debug] [2022-01-28T05:41:29.170Z] [runtime-status] [21536] Trigger "us-central1-api" has been found, beginning invocation! {"metadata":{"emulator":{"name":"functions"},"function":{"name":"us-central1-api"},"message":"[runtime-status] [21536] Trigger \"us-central1-api\" has been found, beginning invocation!"}}
[info] i  functions: Beginning execution of "us-central1-api" {"metadata":{"emulator":{"name":"functions"},"function":{"name":"us-central1-api"},"message":"Beginning execution of \"us-central1-api\""}}
[debug] [2022-01-28T05:41:29.177Z] [runtime-status] [21536] triggerDefinition {"httpsTrigger":{},"name":"api","entryPoint":"api","regions":["us-central1"],"region":"us-central1","id":"us-central1-api","platform":"gcfv1"} {"metadata":{"emulator":{"name":"functions"},"function":{"name":"us-central1-api"},"message":"[runtime-status] [21536] triggerDefinition {\"httpsTrigger\":{},\"name\":\"api\",\"entryPoint\":\"api\",\"regions\":[\"us-central1\"],\"region\":\"us-central1\",\"id\":\"us-central1-api\",\"platform\":\"gcfv1\"}"}}
[debug] [2022-01-28T05:41:29.178Z] [runtime-status] [21536] Running us-central1-api in signature http {"metadata":{"emulator":{"name":"functions"},"function":{"name":"us-central1-api"},"message":"[runtime-status] [21536] Running us-central1-api in signature http"}}
[debug] [2022-01-28T05:41:29.178Z] [runtime-status] [21536] Attempting to listen to socketPath: \\?\pipe\U:\React\amazon-clone\functions\21536 {"metadata":{"emulator":{"name":"functions"},"function":{"name":"us-central1-api"},"message":"[runtime-status] [21536] Attempting to listen to socketPath: \\\\?\\pipe\\U:\\React\\amazon-clone\\functions\\21536"}}
[debug] [2022-01-28T05:41:29.181Z] [functions] Runtime ready! Sending request! {"metadata":{"emulator":{"name":"functions"},"message":"[functions] Runtime ready! Sending request!"}}
[debug] [2022-01-28T05:41:29.182Z] [functions] Got req.url=/clone-5cf45/us-central1/api/payments/create?total=0, mapping to path=/payments/create?total=0 {"metadata":{"emulator":{"name":"functions"},"message":"[functions] Got req.url=/clone-5cf45/us-central1/api/payments/create?total=0, mapping to path=/payments/create?total=0"}}
[debug] [2022-01-28T05:41:29.191Z] [runtime-status] [21536] Ephemeral server handling POST request {"metadata":{"emulator":{"name":"functions"},"function":{"name":"us-central1-api"},"message":"[runtime-status] [21536] Ephemeral server handling POST request"}}
[info] >  Payment Request Recieved for this amount >>>  0 {"user":"Payment Request Recieved for this amount >>>  0","metadata":{"emulator":{"name":"functions"},"function":{"name":"us-central1-api"},"message":"\u001b[90m> \u001b[39m Payment Request Recieved for this amount >>>  0"}}
[debug] [2022-01-28T05:41:29.198Z] [runtime-status] [21536] Ephemeral server survived. {"metadata":{"emulator":{"name":"functions"},"function":{"name":"us-central1-api"},"message":"[runtime-status] [21536] Ephemeral server survived."}}
[info] i  functions: Finished "us-central1-api" in ~1s {"metadata":{"emulator":{"name":"functions"},"function":{"name":"us-central1-api"},"message":"Finished \"us-central1-api\" in ~1s"}}
[debug] [2022-01-28T05:41:29.200Z] [worker-us-central1-api-f05c2b5f-fbc5-4929-8a5f-c57864a7c8e1]: IDLE {"metadata":{"emulator":{"name":"functions"},"message":"[worker-us-central1-api-f05c2b5f-fbc5-4929-8a5f-c57864a7c8e1]: IDLE"}}
[debug] [2022-01-28T05:41:29.222Z] [work-queue] {"queueLength":0,"workRunningCount":0}
[debug] [2022-01-28T06:29:53.913Z] [work-queue] {"queueLength":1,"workRunningCount":0}
[debug] [2022-01-28T06:29:53.921Z] [work-queue] {"queueLength":0,"workRunningCount":1}
[debug] [2022-01-28T06:29:53.923Z] Accepted request POST /clone-5cf45/us-central1/api/payments/create?total=9899 --> us-central1-api
[debug] [2022-01-28T06:29:53.927Z] [worker-pool] submitWork(triggerId=us-central1-api) {"metadata":{"emulator":{"name":"functions"},"message":"[worker-pool] submitWork(triggerId=us-central1-api)"}}
[debug] [2022-01-28T06:29:53.928Z] [worker-us-central1-api-f05c2b5f-fbc5-4929-8a5f-c57864a7c8e1]: Assigning socketPath: \\?\pipe\U:\React\amazon-clone\functions\21536 {"metadata":{"emulator":{"name":"functions"},"message":"[worker-us-central1-api-f05c2b5f-fbc5-4929-8a5f-c57864a7c8e1]: Assigning socketPath: \\\\?\\pipe\\U:\\React\\amazon-clone\\functions\\21536"}}
[debug] [2022-01-28T06:29:53.929Z] [worker-us-central1-api-f05c2b5f-fbc5-4929-8a5f-c57864a7c8e1]: BUSY {"metadata":{"emulator":{"name":"functions"},"message":"[worker-us-central1-api-f05c2b5f-fbc5-4929-8a5f-c57864a7c8e1]: BUSY"}}
[debug] [2022-01-28T06:29:54.158Z] [runtime-status] [21536] Trigger "us-central1-api" has been found, beginning invocation! {"metadata":{"emulator":{"name":"functions"},"function":{"name":"us-central1-api"},"message":"[runtime-status] [21536] Trigger \"us-central1-api\" has been found, beginning invocation!"}}
[info] i  functions: Beginning execution of "us-central1-api" {"metadata":{"emulator":{"name":"functions"},"function":{"name":"us-central1-api"},"message":"Beginning execution of \"us-central1-api\""}}
[debug] [2022-01-28T06:29:54.175Z] [runtime-status] [21536] triggerDefinition {"httpsTrigger":{},"name":"api","entryPoint":"api","regions":["us-central1"],"region":"us-central1","id":"us-central1-api","platform":"gcfv1"} {"metadata":{"emulator":{"name":"functions"},"function":{"name":"us-central1-api"},"message":"[runtime-status] [21536] triggerDefinition {\"httpsTrigger\":{},\"name\":\"api\",\"entryPoint\":\"api\",\"regions\":[\"us-central1\"],\"region\":\"us-central1\",\"id\":\"us-central1-api\",\"platform\":\"gcfv1\"}"}}
[debug] [2022-01-28T06:29:54.176Z] [runtime-status] [21536] Running us-central1-api in signature http {"metadata":{"emulator":{"name":"functions"},"function":{"name":"us-central1-api"},"message":"[runtime-status] [21536] Running us-central1-api in signature http"}}
[debug] [2022-01-28T06:29:54.180Z] [runtime-status] [21536] Attempting to listen to socketPath: \\?\pipe\U:\React\amazon-clone\functions\21536 {"metadata":{"emulator":{"name":"functions"},"function":{"name":"us-central1-api"},"message":"[runtime-status] [21536] Attempting to listen to socketPath: \\\\?\\pipe\\U:\\React\\amazon-clone\\functions\\21536"}}
[debug] [2022-01-28T06:29:54.237Z] [functions] Runtime ready! Sending request! {"metadata":{"emulator":{"name":"functions"},"message":"[functions] Runtime ready! Sending request!"}}
[debug] [2022-01-28T06:29:54.264Z] [functions] Got req.url=/clone-5cf45/us-central1/api/payments/create?total=9899, mapping to path=/payments/create?total=9899 {"metadata":{"emulator":{"name":"functions"},"message":"[functions] Got req.url=/clone-5cf45/us-central1/api/payments/create?total=9899, mapping to path=/payments/create?total=9899"}}
[debug] [2022-01-28T06:29:54.298Z] [runtime-status] [21536] Ephemeral server handling POST request {"metadata":{"emulator":{"name":"functions"},"function":{"name":"us-central1-api"},"message":"[runtime-status] [21536] Ephemeral server handling POST request"}}
[info] >  Payment Request Recieved for this amount >>>  9899 {"user":"Payment Request Recieved for this amount >>>  9899","metadata":{"emulator":{"name":"functions"},"function":{"name":"us-central1-api"},"message":"\u001b[90m> \u001b[39m Payment Request Recieved for this amount >>>  9899"}}
[debug] [2022-01-28T06:29:54.398Z] [runtime-status] [21536] Ephemeral server survived. {"metadata":{"emulator":{"name":"functions"},"function":{"name":"us-central1-api"},"message":"[runtime-status] [21536] Ephemeral server survived."}}
[info] i  functions: Finished "us-central1-api" in ~1s {"metadata":{"emulator":{"name":"functions"},"function":{"name":"us-central1-api"},"message":"Finished \"us-central1-api\" in ~1s"}}
[debug] [2022-01-28T06:29:55.394Z] [worker-us-central1-api-f05c2b5f-fbc5-4929-8a5f-c57864a7c8e1]: IDLE {"metadata":{"emulator":{"name":"functions"},"message":"[worker-us-central1-api-f05c2b5f-fbc5-4929-8a5f-c57864a7c8e1]: IDLE"}}
[debug] [2022-01-28T06:29:55.395Z] [work-queue] {"queueLength":0,"workRunningCount":0}
[debug] [2022-01-28T06:30:10.136Z] [work-queue] {"queueLength":1,"workRunningCount":0}
[debug] [2022-01-28T06:30:10.136Z] [work-queue] {"queueLength":0,"workRunningCount":1}
[debug] [2022-01-28T06:30:10.136Z] Accepted request POST /clone-5cf45/us-central1/api/payments/create?total=0 --> us-central1-api
[debug] [2022-01-28T06:30:10.136Z] [worker-pool] submitWork(triggerId=us-central1-api) {"metadata":{"emulator":{"name":"functions"},"message":"[worker-pool] submitWork(triggerId=us-central1-api)"}}
[debug] [2022-01-28T06:30:10.136Z] [worker-us-central1-api-f05c2b5f-fbc5-4929-8a5f-c57864a7c8e1]: Assigning socketPath: \\?\pipe\U:\React\amazon-clone\functions\21536 {"metadata":{"emulator":{"name":"functions"},"message":"[worker-us-central1-api-f05c2b5f-fbc5-4929-8a5f-c57864a7c8e1]: Assigning socketPath: \\\\?\\pipe\\U:\\React\\amazon-clone\\functions\\21536"}}
[debug] [2022-01-28T06:30:10.136Z] [worker-us-central1-api-f05c2b5f-fbc5-4929-8a5f-c57864a7c8e1]: BUSY {"metadata":{"emulator":{"name":"functions"},"message":"[worker-us-central1-api-f05c2b5f-fbc5-4929-8a5f-c57864a7c8e1]: BUSY"}}
[debug] [2022-01-28T06:30:10.137Z] [runtime-status] [21536] Trigger "us-central1-api" has been found, beginning invocation! {"metadata":{"emulator":{"name":"functions"},"function":{"name":"us-central1-api"},"message":"[runtime-status] [21536] Trigger \"us-central1-api\" has been found, beginning invocation!"}}
[info] i  functions: Beginning execution of "us-central1-api" {"metadata":{"emulator":{"name":"functions"},"function":{"name":"us-central1-api"},"message":"Beginning execution of \"us-central1-api\""}}
[debug] [2022-01-28T06:30:10.138Z] [runtime-status] [21536] triggerDefinition {"httpsTrigger":{},"name":"api","entryPoint":"api","regions":["us-central1"],"region":"us-central1","id":"us-central1-api","platform":"gcfv1"} {"metadata":{"emulator":{"name":"functions"},"function":{"name":"us-central1-api"},"message":"[runtime-status] [21536] triggerDefinition {\"httpsTrigger\":{},\"name\":\"api\",\"entryPoint\":\"api\",\"regions\":[\"us-central1\"],\"region\":\"us-central1\",\"id\":\"us-central1-api\",\"platform\":\"gcfv1\"}"}}
[debug] [2022-01-28T06:30:10.138Z] [runtime-status] [21536] Running us-central1-api in signature http {"metadata":{"emulator":{"name":"functions"},"function":{"name":"us-central1-api"},"message":"[runtime-status] [21536] Running us-central1-api in signature http"}}
[debug] [2022-01-28T06:30:10.139Z] [runtime-status] [21536] Attempting to listen to socketPath: \\?\pipe\U:\React\amazon-clone\functions\21536 {"metadata":{"emulator":{"name":"functions"},"function":{"name":"us-central1-api"},"message":"[runtime-status] [21536] Attempting to listen to socketPath: \\\\?\\pipe\\U:\\React\\amazon-clone\\functions\\21536"}}
[debug] [2022-01-28T06:30:10.139Z] [functions] Runtime ready! Sending request! {"metadata":{"emulator":{"name":"functions"},"message":"[functions] Runtime ready! Sending request!"}}
[debug] [2022-01-28T06:30:10.139Z] [functions] Got req.url=/clone-5cf45/us-central1/api/payments/create?total=0, mapping to path=/payments/create?total=0 {"metadata":{"emulator":{"name":"functions"},"message":"[functions] Got req.url=/clone-5cf45/us-central1/api/payments/create?total=0, mapping to path=/payments/create?total=0"}}
[debug] [2022-01-28T06:30:10.142Z] [runtime-status] [21536] Ephemeral server handling POST request {"metadata":{"emulator":{"name":"functions"},"function":{"name":"us-central1-api"},"message":"[runtime-status] [21536] Ephemeral server handling POST request"}}
[info] >  Payment Request Recieved for this amount >>>  0 {"user":"Payment Request Recieved for this amount >>>  0","metadata":{"emulator":{"name":"functions"},"function":{"name":"us-central1-api"},"message":"\u001b[90m> \u001b[39m Payment Request Recieved for this amount >>>  0"}}
[debug] [2022-01-28T06:30:10.144Z] [runtime-status] [21536] Ephemeral server survived. {"metadata":{"emulator":{"name":"functions"},"function":{"name":"us-central1-api"},"message":"[runtime-status] [21536] Ephemeral server survived."}}
[info] i  functions: Finished "us-central1-api" in ~1s {"metadata":{"emulator":{"name":"functions"},"function":{"name":"us-central1-api"},"message":"Finished \"us-central1-api\" in ~1s"}}
[debug] [2022-01-28T06:30:10.145Z] [worker-us-central1-api-f05c2b5f-fbc5-4929-8a5f-c57864a7c8e1]: IDLE {"metadata":{"emulator":{"name":"functions"},"message":"[worker-us-central1-api-f05c2b5f-fbc5-4929-8a5f-c57864a7c8e1]: IDLE"}}
[debug] [2022-01-28T06:30:10.145Z] [work-queue] {"queueLength":0,"workRunningCount":0}
[debug] [2022-01-28T06:31:32.502Z] [work-queue] {"queueLength":1,"workRunningCount":0}
[debug] [2022-01-28T06:31:32.502Z] [work-queue] {"queueLength":0,"workRunningCount":1}
[debug] [2022-01-28T06:31:32.503Z] Accepted request POST /clone-5cf45/us-central1/api/payments/create?total=4784 --> us-central1-api
[debug] [2022-01-28T06:31:32.503Z] [worker-pool] submitWork(triggerId=us-central1-api) {"metadata":{"emulator":{"name":"functions"},"message":"[worker-pool] submitWork(triggerId=us-central1-api)"}}
[debug] [2022-01-28T06:31:32.503Z] [worker-us-central1-api-f05c2b5f-fbc5-4929-8a5f-c57864a7c8e1]: Assigning socketPath: \\?\pipe\U:\React\amazon-clone\functions\21536 {"metadata":{"emulator":{"name":"functions"},"message":"[worker-us-central1-api-f05c2b5f-fbc5-4929-8a5f-c57864a7c8e1]: Assigning socketPath: \\\\?\\pipe\\U:\\React\\amazon-clone\\functions\\21536"}}
[debug] [2022-01-28T06:31:32.504Z] [worker-us-central1-api-f05c2b5f-fbc5-4929-8a5f-c57864a7c8e1]: BUSY {"metadata":{"emulator":{"name":"functions"},"message":"[worker-us-central1-api-f05c2b5f-fbc5-4929-8a5f-c57864a7c8e1]: BUSY"}}
[debug] [2022-01-28T06:31:32.505Z] [runtime-status] [21536] Trigger "us-central1-api" has been found, beginning invocation! {"metadata":{"emulator":{"name":"functions"},"function":{"name":"us-central1-api"},"message":"[runtime-status] [21536] Trigger \"us-central1-api\" has been found, beginning invocation!"}}
[info] i  functions: Beginning execution of "us-central1-api" {"metadata":{"emulator":{"name":"functions"},"function":{"name":"us-central1-api"},"message":"Beginning execution of \"us-central1-api\""}}
[debug] [2022-01-28T06:31:32.506Z] [runtime-status] [21536] triggerDefinition {"httpsTrigger":{},"name":"api","entryPoint":"api","regions":["us-central1"],"region":"us-central1","id":"us-central1-api","platform":"gcfv1"} {"metadata":{"emulator":{"name":"functions"},"function":{"name":"us-central1-api"},"message":"[runtime-status] [21536] triggerDefinition {\"httpsTrigger\":{},\"name\":\"api\",\"entryPoint\":\"api\",\"regions\":[\"us-central1\"],\"region\":\"us-central1\",\"id\":\"us-central1-api\",\"platform\":\"gcfv1\"}"}}
[debug] [2022-01-28T06:31:32.507Z] [runtime-status] [21536] Running us-central1-api in signature http {"metadata":{"emulator":{"name":"functions"},"function":{"name":"us-central1-api"},"message":"[runtime-status] [21536] Running us-central1-api in signature http"}}
[debug] [2022-01-28T06:31:32.624Z] [runtime-status] [21536] Attempting to listen to socketPath: \\?\pipe\U:\React\amazon-clone\functions\21536 {"metadata":{"emulator":{"name":"functions"},"function":{"name":"us-central1-api"},"message":"[runtime-status] [21536] Attempting to listen to socketPath: \\\\?\\pipe\\U:\\React\\amazon-clone\\functions\\21536"}}
[debug] [2022-01-28T06:31:32.625Z] [functions] Runtime ready! Sending request! {"metadata":{"emulator":{"name":"functions"},"message":"[functions] Runtime ready! Sending request!"}}
[debug] [2022-01-28T06:31:32.625Z] [functions] Got req.url=/clone-5cf45/us-central1/api/payments/create?total=4784, mapping to path=/payments/create?total=4784 {"metadata":{"emulator":{"name":"functions"},"message":"[functions] Got req.url=/clone-5cf45/us-central1/api/payments/create?total=4784, mapping to path=/payments/create?total=4784"}}
[debug] [2022-01-28T06:31:32.627Z] [runtime-status] [21536] Ephemeral server handling POST request {"metadata":{"emulator":{"name":"functions"},"function":{"name":"us-central1-api"},"message":"[runtime-status] [21536] Ephemeral server handling POST request"}}
[info] >  Payment Request Recieved for this amount >>>  4784 {"user":"Payment Request Recieved for this amount >>>  4784","metadata":{"emulator":{"name":"functions"},"function":{"name":"us-central1-api"},"message":"\u001b[90m> \u001b[39m Payment Request Recieved for this amount >>>  4784"}}
[debug] [2022-01-28T06:31:32.629Z] [runtime-status] [21536] Ephemeral server survived. {"metadata":{"emulator":{"name":"functions"},"function":{"name":"us-central1-api"},"message":"[runtime-status] [21536] Ephemeral server survived."}}
[info] i  functions: Finished "us-central1-api" in ~1s {"metadata":{"emulator":{"name":"functions"},"function":{"name":"us-central1-api"},"message":"Finished \"us-central1-api\" in ~1s"}}
[debug] [2022-01-28T06:31:33.348Z] [worker-us-central1-api-f05c2b5f-fbc5-4929-8a5f-c57864a7c8e1]: IDLE {"metadata":{"emulator":{"name":"functions"},"message":"[worker-us-central1-api-f05c2b5f-fbc5-4929-8a5f-c57864a7c8e1]: IDLE"}}
[debug] [2022-01-28T06:31:33.349Z] [work-queue] {"queueLength":0,"workRunningCount":0}
[debug] [2022-01-28T06:31:36.101Z] [work-queue] {"queueLength":1,"workRunningCount":0}
[debug] [2022-01-28T06:31:36.101Z] [work-queue] {"queueLength":0,"workRunningCount":1}
[debug] [2022-01-28T06:31:36.101Z] Accepted request POST /clone-5cf45/us-central1/api/payments/create?total=3588 --> us-central1-api
[debug] [2022-01-28T06:31:36.102Z] [worker-pool] submitWork(triggerId=us-central1-api) {"metadata":{"emulator":{"name":"functions"},"message":"[worker-pool] submitWork(triggerId=us-central1-api)"}}
[debug] [2022-01-28T06:31:36.102Z] [worker-us-central1-api-f05c2b5f-fbc5-4929-8a5f-c57864a7c8e1]: Assigning socketPath: \\?\pipe\U:\React\amazon-clone\functions\21536 {"metadata":{"emulator":{"name":"functions"},"message":"[worker-us-central1-api-f05c2b5f-fbc5-4929-8a5f-c57864a7c8e1]: Assigning socketPath: \\\\?\\pipe\\U:\\React\\amazon-clone\\functions\\21536"}}
[debug] [2022-01-28T06:31:36.102Z] [worker-us-central1-api-f05c2b5f-fbc5-4929-8a5f-c57864a7c8e1]: BUSY {"metadata":{"emulator":{"name":"functions"},"message":"[worker-us-central1-api-f05c2b5f-fbc5-4929-8a5f-c57864a7c8e1]: BUSY"}}
[debug] [2022-01-28T06:31:36.103Z] [runtime-status] [21536] Trigger "us-central1-api" has been found, beginning invocation! {"metadata":{"emulator":{"name":"functions"},"function":{"name":"us-central1-api"},"message":"[runtime-status] [21536] Trigger \"us-central1-api\" has been found, beginning invocation!"}}
[info] i  functions: Beginning execution of "us-central1-api" {"metadata":{"emulator":{"name":"functions"},"function":{"name":"us-central1-api"},"message":"Beginning execution of \"us-central1-api\""}}
[debug] [2022-01-28T06:31:36.104Z] [runtime-status] [21536] triggerDefinition {"httpsTrigger":{},"name":"api","entryPoint":"api","regions":["us-central1"],"region":"us-central1","id":"us-central1-api","platform":"gcfv1"} {"metadata":{"emulator":{"name":"functions"},"function":{"name":"us-central1-api"},"message":"[runtime-status] [21536] triggerDefinition {\"httpsTrigger\":{},\"name\":\"api\",\"entryPoint\":\"api\",\"regions\":[\"us-central1\"],\"region\":\"us-central1\",\"id\":\"us-central1-api\",\"platform\":\"gcfv1\"}"}}
[debug] [2022-01-28T06:31:36.105Z] [runtime-status] [21536] Running us-central1-api in signature http {"metadata":{"emulator":{"name":"functions"},"function":{"name":"us-central1-api"},"message":"[runtime-status] [21536] Running us-central1-api in signature http"}}
[debug] [2022-01-28T06:31:36.105Z] [runtime-status] [21536] Attempting to listen to socketPath: \\?\pipe\U:\React\amazon-clone\functions\21536 {"metadata":{"emulator":{"name":"functions"},"function":{"name":"us-central1-api"},"message":"[runtime-status] [21536] Attempting to listen to socketPath: \\\\?\\pipe\\U:\\React\\amazon-clone\\functions\\21536"}}
[debug] [2022-01-28T06:31:36.106Z] [functions] Runtime ready! Sending request! {"metadata":{"emulator":{"name":"functions"},"message":"[functions] Runtime ready! Sending request!"}}
[debug] [2022-01-28T06:31:36.106Z] [functions] Got req.url=/clone-5cf45/us-central1/api/payments/create?total=3588, mapping to path=/payments/create?total=3588 {"metadata":{"emulator":{"name":"functions"},"message":"[functions] Got req.url=/clone-5cf45/us-central1/api/payments/create?total=3588, mapping to path=/payments/create?total=3588"}}
[debug] [2022-01-28T06:31:36.112Z] [runtime-status] [21536] Ephemeral server handling POST request {"metadata":{"emulator":{"name":"functions"},"function":{"name":"us-central1-api"},"message":"[runtime-status] [21536] Ephemeral server handling POST request"}}
[info] >  Payment Request Recieved for this amount >>>  3588 {"user":"Payment Request Recieved for this amount >>>  3588","metadata":{"emulator":{"name":"functions"},"function":{"name":"us-central1-api"},"message":"\u001b[90m> \u001b[39m Payment Request Recieved for this amount >>>  3588"}}
[debug] [2022-01-28T06:31:36.195Z] [runtime-status] [21536] Ephemeral server survived. {"metadata":{"emulator":{"name":"functions"},"function":{"name":"us-central1-api"},"message":"[runtime-status] [21536] Ephemeral server survived."}}
[info] i  functions: Finished "us-central1-api" in ~1s {"metadata":{"emulator":{"name":"functions"},"function":{"name":"us-central1-api"},"message":"Finished \"us-central1-api\" in ~1s"}}
[debug] [2022-01-28T06:31:36.575Z] [worker-us-central1-api-f05c2b5f-fbc5-4929-8a5f-c57864a7c8e1]: IDLE {"metadata":{"emulator":{"name":"functions"},"message":"[worker-us-central1-api-f05c2b5f-fbc5-4929-8a5f-c57864a7c8e1]: IDLE"}}
[debug] [2022-01-28T06:31:36.576Z] [work-queue] {"queueLength":0,"workRunningCount":0}
[debug] [2022-01-28T06:31:36.857Z] [work-queue] {"queueLength":1,"workRunningCount":0}
[debug] [2022-01-28T06:31:36.858Z] [work-queue] {"queueLength":0,"workRunningCount":1}
[debug] [2022-01-28T06:31:36.858Z] Accepted request POST /clone-5cf45/us-central1/api/payments/create?total=2392 --> us-central1-api
[debug] [2022-01-28T06:31:36.872Z] [worker-pool] submitWork(triggerId=us-central1-api) {"metadata":{"emulator":{"name":"functions"},"message":"[worker-pool] submitWork(triggerId=us-central1-api)"}}
[debug] [2022-01-28T06:31:36.873Z] [worker-us-central1-api-f05c2b5f-fbc5-4929-8a5f-c57864a7c8e1]: Assigning socketPath: \\?\pipe\U:\React\amazon-clone\functions\21536 {"metadata":{"emulator":{"name":"functions"},"message":"[worker-us-central1-api-f05c2b5f-fbc5-4929-8a5f-c57864a7c8e1]: Assigning socketPath: \\\\?\\pipe\\U:\\React\\amazon-clone\\functions\\21536"}}
[debug] [2022-01-28T06:31:36.873Z] [worker-us-central1-api-f05c2b5f-fbc5-4929-8a5f-c57864a7c8e1]: BUSY {"metadata":{"emulator":{"name":"functions"},"message":"[worker-us-central1-api-f05c2b5f-fbc5-4929-8a5f-c57864a7c8e1]: BUSY"}}
[debug] [2022-01-28T06:31:36.874Z] [runtime-status] [21536] Trigger "us-central1-api" has been found, beginning invocation! {"metadata":{"emulator":{"name":"functions"},"function":{"name":"us-central1-api"},"message":"[runtime-status] [21536] Trigger \"us-central1-api\" has been found, beginning invocation!"}}
[info] i  functions: Beginning execution of "us-central1-api" {"metadata":{"emulator":{"name":"functions"},"function":{"name":"us-central1-api"},"message":"Beginning execution of \"us-central1-api\""}}
[debug] [2022-01-28T06:31:36.876Z] [runtime-status] [21536] triggerDefinition {"httpsTrigger":{},"name":"api","entryPoint":"api","regions":["us-central1"],"region":"us-central1","id":"us-central1-api","platform":"gcfv1"} {"metadata":{"emulator":{"name":"functions"},"function":{"name":"us-central1-api"},"message":"[runtime-status] [21536] triggerDefinition {\"httpsTrigger\":{},\"name\":\"api\",\"entryPoint\":\"api\",\"regions\":[\"us-central1\"],\"region\":\"us-central1\",\"id\":\"us-central1-api\",\"platform\":\"gcfv1\"}"}}
[debug] [2022-01-28T06:31:36.877Z] [runtime-status] [21536] Running us-central1-api in signature http {"metadata":{"emulator":{"name":"functions"},"function":{"name":"us-central1-api"},"message":"[runtime-status] [21536] Running us-central1-api in signature http"}}
[debug] [2022-01-28T06:31:36.877Z] [runtime-status] [21536] Attempting to listen to socketPath: \\?\pipe\U:\React\amazon-clone\functions\21536 {"metadata":{"emulator":{"name":"functions"},"function":{"name":"us-central1-api"},"message":"[runtime-status] [21536] Attempting to listen to socketPath: \\\\?\\pipe\\U:\\React\\amazon-clone\\functions\\21536"}}
[debug] [2022-01-28T06:31:36.878Z] [functions] Runtime ready! Sending request! {"metadata":{"emulator":{"name":"functions"},"message":"[functions] Runtime ready! Sending request!"}}
[debug] [2022-01-28T06:31:36.878Z] [functions] Got req.url=/clone-5cf45/us-central1/api/payments/create?total=2392, mapping to path=/payments/create?total=2392 {"metadata":{"emulator":{"name":"functions"},"message":"[functions] Got req.url=/clone-5cf45/us-central1/api/payments/create?total=2392, mapping to path=/payments/create?total=2392"}}
[debug] [2022-01-28T06:31:36.882Z] [runtime-status] [21536] Ephemeral server handling POST request {"metadata":{"emulator":{"name":"functions"},"function":{"name":"us-central1-api"},"message":"[runtime-status] [21536] Ephemeral server handling POST request"}}
[info] >  Payment Request Recieved for this amount >>>  2392 {"user":"Payment Request Recieved for this amount >>>  2392","metadata":{"emulator":{"name":"functions"},"function":{"name":"us-central1-api"},"message":"\u001b[90m> \u001b[39m Payment Request Recieved for this amount >>>  2392"}}
[debug] [2022-01-28T06:31:36.884Z] [runtime-status] [21536] Ephemeral server survived. {"metadata":{"emulator":{"name":"functions"},"function":{"name":"us-central1-api"},"message":"[runtime-status] [21536] Ephemeral server survived."}}
[info] i  functions: Finished "us-central1-api" in ~1s {"metadata":{"emulator":{"name":"functions"},"function":{"name":"us-central1-api"},"message":"Finished \"us-central1-api\" in ~1s"}}
[debug] [2022-01-28T06:31:37.237Z] [worker-us-central1-api-f05c2b5f-fbc5-4929-8a5f-c57864a7c8e1]: IDLE {"metadata":{"emulator":{"name":"functions"},"message":"[worker-us-central1-api-f05c2b5f-fbc5-4929-8a5f-c57864a7c8e1]: IDLE"}}
[debug] [2022-01-28T06:31:37.237Z] [work-queue] {"queueLength":0,"workRunningCount":0}
[debug] [2022-01-28T06:31:39.659Z] [work-queue] {"queueLength":1,"workRunningCount":0}
[debug] [2022-01-28T06:31:39.659Z] [work-queue] {"queueLength":0,"workRunningCount":1}
[debug] [2022-01-28T06:31:39.659Z] Accepted request POST /clone-5cf45/us-central1/api/payments/create?total=1196 --> us-central1-api
[debug] [2022-01-28T06:31:39.660Z] [worker-pool] submitWork(triggerId=us-central1-api) {"metadata":{"emulator":{"name":"functions"},"message":"[worker-pool] submitWork(triggerId=us-central1-api)"}}
[debug] [2022-01-28T06:31:39.660Z] [worker-us-central1-api-f05c2b5f-fbc5-4929-8a5f-c57864a7c8e1]: Assigning socketPath: \\?\pipe\U:\React\amazon-clone\functions\21536 {"metadata":{"emulator":{"name":"functions"},"message":"[worker-us-central1-api-f05c2b5f-fbc5-4929-8a5f-c57864a7c8e1]: Assigning socketPath: \\\\?\\pipe\\U:\\React\\amazon-clone\\functions\\21536"}}
[debug] [2022-01-28T06:31:39.660Z] [worker-us-central1-api-f05c2b5f-fbc5-4929-8a5f-c57864a7c8e1]: BUSY {"metadata":{"emulator":{"name":"functions"},"message":"[worker-us-central1-api-f05c2b5f-fbc5-4929-8a5f-c57864a7c8e1]: BUSY"}}
[debug] [2022-01-28T06:31:39.660Z] [runtime-status] [21536] Trigger "us-central1-api" has been found, beginning invocation! {"metadata":{"emulator":{"name":"functions"},"function":{"name":"us-central1-api"},"message":"[runtime-status] [21536] Trigger \"us-central1-api\" has been found, beginning invocation!"}}
[info] i  functions: Beginning execution of "us-central1-api" {"metadata":{"emulator":{"name":"functions"},"function":{"name":"us-central1-api"},"message":"Beginning execution of \"us-central1-api\""}}
[debug] [2022-01-28T06:31:39.661Z] [runtime-status] [21536] triggerDefinition {"httpsTrigger":{},"name":"api","entryPoint":"api","regions":["us-central1"],"region":"us-central1","id":"us-central1-api","platform":"gcfv1"} {"metadata":{"emulator":{"name":"functions"},"function":{"name":"us-central1-api"},"message":"[runtime-status] [21536] triggerDefinition {\"httpsTrigger\":{},\"name\":\"api\",\"entryPoint\":\"api\",\"regions\":[\"us-central1\"],\"region\":\"us-central1\",\"id\":\"us-central1-api\",\"platform\":\"gcfv1\"}"}}
[debug] [2022-01-28T06:31:39.661Z] [runtime-status] [21536] Running us-central1-api in signature http {"metadata":{"emulator":{"name":"functions"},"function":{"name":"us-central1-api"},"message":"[runtime-status] [21536] Running us-central1-api in signature http"}}
[debug] [2022-01-28T06:31:39.661Z] [runtime-status] [21536] Attempting to listen to socketPath: \\?\pipe\U:\React\amazon-clone\functions\21536 {"metadata":{"emulator":{"name":"functions"},"function":{"name":"us-central1-api"},"message":"[runtime-status] [21536] Attempting to listen to socketPath: \\\\?\\pipe\\U:\\React\\amazon-clone\\functions\\21536"}}
[debug] [2022-01-28T06:31:39.684Z] [functions] Runtime ready! Sending request! {"metadata":{"emulator":{"name":"functions"},"message":"[functions] Runtime ready! Sending request!"}}
[debug] [2022-01-28T06:31:39.685Z] [functions] Got req.url=/clone-5cf45/us-central1/api/payments/create?total=1196, mapping to path=/payments/create?total=1196 {"metadata":{"emulator":{"name":"functions"},"message":"[functions] Got req.url=/clone-5cf45/us-central1/api/payments/create?total=1196, mapping to path=/payments/create?total=1196"}}
[debug] [2022-01-28T06:31:39.688Z] [runtime-status] [21536] Ephemeral server handling POST request {"metadata":{"emulator":{"name":"functions"},"function":{"name":"us-central1-api"},"message":"[runtime-status] [21536] Ephemeral server handling POST request"}}
[info] >  Payment Request Recieved for this amount >>>  1196 {"user":"Payment Request Recieved for this amount >>>  1196","metadata":{"emulator":{"name":"functions"},"function":{"name":"us-central1-api"},"message":"\u001b[90m> \u001b[39m Payment Request Recieved for this amount >>>  1196"}}
[debug] [2022-01-28T06:31:39.692Z] [runtime-status] [21536] Ephemeral server survived. {"metadata":{"emulator":{"name":"functions"},"function":{"name":"us-central1-api"},"message":"[runtime-status] [21536] Ephemeral server survived."}}
[info] i  functions: Finished "us-central1-api" in ~1s {"metadata":{"emulator":{"name":"functions"},"function":{"name":"us-central1-api"},"message":"Finished \"us-central1-api\" in ~1s"}}
[debug] [2022-01-28T06:31:40.050Z] [worker-us-central1-api-f05c2b5f-fbc5-4929-8a5f-c57864a7c8e1]: IDLE {"metadata":{"emulator":{"name":"functions"},"message":"[worker-us-central1-api-f05c2b5f-fbc5-4929-8a5f-c57864a7c8e1]: IDLE"}}
[debug] [2022-01-28T06:31:40.051Z] [work-queue] {"queueLength":0,"workRunningCount":0}
[debug] [2022-01-28T06:31:40.982Z] [work-queue] {"queueLength":1,"workRunningCount":0}
[debug] [2022-01-28T06:31:40.982Z] [work-queue] {"queueLength":0,"workRunningCount":1}
[debug] [2022-01-28T06:31:40.982Z] Accepted request POST /clone-5cf45/us-central1/api/payments/create?total=0 --> us-central1-api
[debug] [2022-01-28T06:31:40.983Z] [worker-pool] submitWork(triggerId=us-central1-api) {"metadata":{"emulator":{"name":"functions"},"message":"[worker-pool] submitWork(triggerId=us-central1-api)"}}
[debug] [2022-01-28T06:31:40.983Z] [worker-us-central1-api-f05c2b5f-fbc5-4929-8a5f-c57864a7c8e1]: Assigning socketPath: \\?\pipe\U:\React\amazon-clone\functions\21536 {"metadata":{"emulator":{"name":"functions"},"message":"[worker-us-central1-api-f05c2b5f-fbc5-4929-8a5f-c57864a7c8e1]: Assigning socketPath: \\\\?\\pipe\\U:\\React\\amazon-clone\\functions\\21536"}}
[debug] [2022-01-28T06:31:40.983Z] [worker-us-central1-api-f05c2b5f-fbc5-4929-8a5f-c57864a7c8e1]: BUSY {"metadata":{"emulator":{"name":"functions"},"message":"[worker-us-central1-api-f05c2b5f-fbc5-4929-8a5f-c57864a7c8e1]: BUSY"}}
[debug] [2022-01-28T06:31:40.985Z] [runtime-status] [21536] Trigger "us-central1-api" has been found, beginning invocation! {"metadata":{"emulator":{"name":"functions"},"function":{"name":"us-central1-api"},"message":"[runtime-status] [21536] Trigger \"us-central1-api\" has been found, beginning invocation!"}}
[info] i  functions: Beginning execution of "us-central1-api" {"metadata":{"emulator":{"name":"functions"},"function":{"name":"us-central1-api"},"message":"Beginning execution of \"us-central1-api\""}}
[debug] [2022-01-28T06:31:40.987Z] [runtime-status] [21536] triggerDefinition {"httpsTrigger":{},"name":"api","entryPoint":"api","regions":["us-central1"],"region":"us-central1","id":"us-central1-api","platform":"gcfv1"} {"metadata":{"emulator":{"name":"functions"},"function":{"name":"us-central1-api"},"message":"[runtime-status] [21536] triggerDefinition {\"httpsTrigger\":{},\"name\":\"api\",\"entryPoint\":\"api\",\"regions\":[\"us-central1\"],\"region\":\"us-central1\",\"id\":\"us-central1-api\",\"platform\":\"gcfv1\"}"}}
[debug] [2022-01-28T06:31:40.987Z] [runtime-status] [21536] Running us-central1-api in signature http {"metadata":{"emulator":{"name":"functions"},"function":{"name":"us-central1-api"},"message":"[runtime-status] [21536] Running us-central1-api in signature http"}}
[debug] [2022-01-28T06:31:40.988Z] [runtime-status] [21536] Attempting to listen to socketPath: \\?\pipe\U:\React\amazon-clone\functions\21536 {"metadata":{"emulator":{"name":"functions"},"function":{"name":"us-central1-api"},"message":"[runtime-status] [21536] Attempting to listen to socketPath: \\\\?\\pipe\\U:\\React\\amazon-clone\\functions\\21536"}}
[debug] [2022-01-28T06:31:41.099Z] [functions] Runtime ready! Sending request! {"metadata":{"emulator":{"name":"functions"},"message":"[functions] Runtime ready! Sending request!"}}
[debug] [2022-01-28T06:31:41.100Z] [functions] Got req.url=/clone-5cf45/us-central1/api/payments/create?total=0, mapping to path=/payments/create?total=0 {"metadata":{"emulator":{"name":"functions"},"message":"[functions] Got req.url=/clone-5cf45/us-central1/api/payments/create?total=0, mapping to path=/payments/create?total=0"}}
[debug] [2022-01-28T06:31:41.104Z] [runtime-status] [21536] Ephemeral server handling POST request {"metadata":{"emulator":{"name":"functions"},"function":{"name":"us-central1-api"},"message":"[runtime-status] [21536] Ephemeral server handling POST request"}}
[info] >  Payment Request Recieved for this amount >>>  0 {"user":"Payment Request Recieved for this amount >>>  0","metadata":{"emulator":{"name":"functions"},"function":{"name":"us-central1-api"},"message":"\u001b[90m> \u001b[39m Payment Request Recieved for this amount >>>  0"}}
[debug] [2022-01-28T06:31:41.110Z] [runtime-status] [21536] Ephemeral server survived. {"metadata":{"emulator":{"name":"functions"},"function":{"name":"us-central1-api"},"message":"[runtime-status] [21536] Ephemeral server survived."}}
[info] i  functions: Finished "us-central1-api" in ~1s {"metadata":{"emulator":{"name":"functions"},"function":{"name":"us-central1-api"},"message":"Finished \"us-central1-api\" in ~1s"}}
[debug] [2022-01-28T06:31:41.112Z] [worker-us-central1-api-f05c2b5f-fbc5-4929-8a5f-c57864a7c8e1]: IDLE {"metadata":{"emulator":{"name":"functions"},"message":"[worker-us-central1-api-f05c2b5f-fbc5-4929-8a5f-c57864a7c8e1]: IDLE"}}
[debug] [2022-01-28T06:31:41.112Z] [work-queue] {"queueLength":0,"workRunningCount":0}
